  glad.c
  main.cpp
c:\users\tom\desktop\graphics\programs\lab4_1\lab4_1\lab4_1\main.cpp(28): warning C4244: '=': conversion from 'double' to 'float', possible loss of data
c:\users\tom\desktop\graphics\programs\lab4_1\lab4_1\lab4_1\main.cpp(33): warning C4244: '=': conversion from 'double' to 'float', possible loss of data
c:\users\tom\desktop\graphics\programs\lab4_1\lab4_1\lab4_1\main.cpp(276): warning C4244: 'initializing': conversion from 'double' to 'float', possible loss of data
glfw3.lib(context.obj) : warning LNK4099: PDB 'glfw.pdb' was not found with 'glfw3.lib(context.obj)' or at 'C:\Users\Tom\Desktop\Graphics\Programs\Lab4_1\Lab4_1\Debug\glfw.pdb'; linking object as if no debug info
glfw3.lib(init.obj) : warning LNK4099: PDB 'glfw.pdb' was not found with 'glfw3.lib(init.obj)' or at 'C:\Users\Tom\Desktop\Graphics\Programs\Lab4_1\Lab4_1\Debug\glfw.pdb'; linking object as if no debug info
glfw3.lib(input.obj) : warning LNK4099: PDB 'glfw.pdb' was not found with 'glfw3.lib(input.obj)' or at 'C:\Users\Tom\Desktop\Graphics\Programs\Lab4_1\Lab4_1\Debug\glfw.pdb'; linking object as if no debug info
glfw3.lib(monitor.obj) : warning LNK4099: PDB 'glfw.pdb' was not found with 'glfw3.lib(monitor.obj)' or at 'C:\Users\Tom\Desktop\Graphics\Programs\Lab4_1\Lab4_1\Debug\glfw.pdb'; linking object as if no debug info
glfw3.lib(vulkan.obj) : warning LNK4099: PDB 'glfw.pdb' was not found with 'glfw3.lib(vulkan.obj)' or at 'C:\Users\Tom\Desktop\Graphics\Programs\Lab4_1\Lab4_1\Debug\glfw.pdb'; linking object as if no debug info
glfw3.lib(window.obj) : warning LNK4099: PDB 'glfw.pdb' was not found with 'glfw3.lib(window.obj)' or at 'C:\Users\Tom\Desktop\Graphics\Programs\Lab4_1\Lab4_1\Debug\glfw.pdb'; linking object as if no debug info
glfw3.lib(win32_init.obj) : warning LNK4099: PDB 'glfw.pdb' was not found with 'glfw3.lib(win32_init.obj)' or at 'C:\Users\Tom\Desktop\Graphics\Programs\Lab4_1\Lab4_1\Debug\glfw.pdb'; linking object as if no debug info
glfw3.lib(win32_joystick.obj) : warning LNK4099: PDB 'glfw.pdb' was not found with 'glfw3.lib(win32_joystick.obj)' or at 'C:\Users\Tom\Desktop\Graphics\Programs\Lab4_1\Lab4_1\Debug\glfw.pdb'; linking object as if no debug info
glfw3.lib(win32_monitor.obj) : warning LNK4099: PDB 'glfw.pdb' was not found with 'glfw3.lib(win32_monitor.obj)' or at 'C:\Users\Tom\Desktop\Graphics\Programs\Lab4_1\Lab4_1\Debug\glfw.pdb'; linking object as if no debug info
glfw3.lib(win32_time.obj) : warning LNK4099: PDB 'glfw.pdb' was not found with 'glfw3.lib(win32_time.obj)' or at 'C:\Users\Tom\Desktop\Graphics\Programs\Lab4_1\Lab4_1\Debug\glfw.pdb'; linking object as if no debug info
glfw3.lib(win32_tls.obj) : warning LNK4099: PDB 'glfw.pdb' was not found with 'glfw3.lib(win32_tls.obj)' or at 'C:\Users\Tom\Desktop\Graphics\Programs\Lab4_1\Lab4_1\Debug\glfw.pdb'; linking object as if no debug info
glfw3.lib(win32_window.obj) : warning LNK4099: PDB 'glfw.pdb' was not found with 'glfw3.lib(win32_window.obj)' or at 'C:\Users\Tom\Desktop\Graphics\Programs\Lab4_1\Lab4_1\Debug\glfw.pdb'; linking object as if no debug info
glfw3.lib(wgl_context.obj) : warning LNK4099: PDB 'glfw.pdb' was not found with 'glfw3.lib(wgl_context.obj)' or at 'C:\Users\Tom\Desktop\Graphics\Programs\Lab4_1\Lab4_1\Debug\glfw.pdb'; linking object as if no debug info
glfw3.lib(egl_context.obj) : warning LNK4099: PDB 'glfw.pdb' was not found with 'glfw3.lib(egl_context.obj)' or at 'C:\Users\Tom\Desktop\Graphics\Programs\Lab4_1\Lab4_1\Debug\glfw.pdb'; linking object as if no debug info
  Lab4_1.vcxproj -> C:\Users\Tom\Desktop\Graphics\Programs\Lab4_1\Lab4_1\Debug\Lab4_1.exe
