c:\users\tom\source\repos\lab4_1\lab4_1\debug\vc141.pdb
c:\users\tom\source\repos\lab4_1\lab4_1\debug\vc141.idb
c:\users\tom\source\repos\lab4_1\lab4_1\debug\glad.obj
c:\users\tom\source\repos\lab4_1\lab4_1\debug\main.obj
c:\users\tom\desktop\graphics\programs\lab4_1\lab4_1\lab4_1\debug\vc141.pdb
c:\users\tom\source\repos\lab4_1\debug\lab4_1.exe
c:\users\tom\source\repos\lab4_1\debug\lab4_1.ilk
c:\users\tom\source\repos\lab4_1\debug\lab4_1.pdb
c:\users\tom\desktop\graphics\programs\lab4_1\lab4_1\lab4_1\debug\glad.obj
c:\users\tom\desktop\graphics\programs\lab4_1\lab4_1\lab4_1\debug\main.obj
c:\users\tom\desktop\graphics\programs\lab4_1\lab4_1\lab4_1\debug\vc141.idb
c:\users\tom\desktop\graphics\programs\lab4_1\lab4_1\debug\lab4_1.pdb
c:\users\tom\desktop\graphics\programs\lab4_1\lab4_1\debug\lab4_1.exe
c:\users\tom\desktop\graphics\programs\lab4_1\lab4_1\debug\lab4_1.ilk
c:\users\tom\desktop\graphics\programs\lab4_1\lab4_1\lab4_1\debug\lab4_1.tlog\cl.command.1.tlog
c:\users\tom\desktop\graphics\programs\lab4_1\lab4_1\lab4_1\debug\lab4_1.tlog\cl.read.1.tlog
c:\users\tom\desktop\graphics\programs\lab4_1\lab4_1\lab4_1\debug\lab4_1.tlog\cl.write.1.tlog
c:\users\tom\desktop\graphics\programs\lab4_1\lab4_1\lab4_1\debug\lab4_1.tlog\link.command.1.tlog
c:\users\tom\desktop\graphics\programs\lab4_1\lab4_1\lab4_1\debug\lab4_1.tlog\link.read.1.tlog
c:\users\tom\desktop\graphics\programs\lab4_1\lab4_1\lab4_1\debug\lab4_1.tlog\link.write.1.tlog
