  main.cpp
c:\users\tom\desktop\graphics\programs\program1\program1\shape.h(39): warning C4244: '=': conversion from 'double' to 'float', possible loss of data
c:\users\tom\desktop\graphics\programs\program1\program1\main.cpp(61): warning C4244: 'initializing': conversion from 'double' to 'float', possible loss of data
c:\users\tom\desktop\graphics\programs\program1\program1\main.cpp(62): warning C4244: 'initializing': conversion from 'double' to 'float', possible loss of data
c:\users\tom\desktop\graphics\programs\program1\program1\main.cpp(63): warning C4244: 'initializing': conversion from 'double' to 'float', possible loss of data
c:\users\tom\desktop\graphics\programs\program1\program1\main.cpp(64): warning C4244: 'initializing': conversion from 'double' to 'float', possible loss of data
c:\users\tom\desktop\graphics\programs\program1\program1\main.cpp(75): warning C4018: '<': signed/unsigned mismatch
c:\users\tom\desktop\graphics\programs\program1\program1\main.cpp(102): warning C4018: '<': signed/unsigned mismatch
c:\users\tom\desktop\graphics\programs\program1\program1\main.cpp(117): warning C4018: '<': signed/unsigned mismatch
c:\users\tom\desktop\graphics\programs\program1\program1\main.cpp(124): warning C4018: '<': signed/unsigned mismatch
c:\users\tom\desktop\graphics\programs\program1\program1\main.cpp(137): warning C4305: 'initializing': truncation from 'double' to 'float'
c:\users\tom\desktop\graphics\programs\program1\program1\main.cpp(160): warning C4018: '<': signed/unsigned mismatch
c:\users\tom\desktop\graphics\programs\program1\program1\main.cpp(200): warning C4018: '<': signed/unsigned mismatch
c:\users\tom\desktop\graphics\programs\program1\program1\main.cpp(208): warning C4018: '<': signed/unsigned mismatch
c:\users\tom\desktop\graphics\programs\program1\program1\main.cpp(216): warning C4018: '<': signed/unsigned mismatch
c:\users\tom\desktop\graphics\programs\program1\program1\main.cpp(225): warning C4018: '<': signed/unsigned mismatch
c:\users\tom\desktop\graphics\programs\program1\program1\main.cpp(233): warning C4018: '<': signed/unsigned mismatch
c:\users\tom\desktop\graphics\programs\program1\program1\main.cpp(241): warning C4018: '<': signed/unsigned mismatch
c:\users\tom\desktop\graphics\programs\program1\program1\main.cpp(294): warning C4244: 'argument': conversion from 'double' to 'float', possible loss of data
c:\users\tom\desktop\graphics\programs\program1\program1\main.cpp(321): warning C4244: '=': conversion from 'double' to 'float', possible loss of data
c:\users\tom\desktop\graphics\programs\program1\program1\main.cpp(322): warning C4244: '=': conversion from 'double' to 'float', possible loss of data
c:\users\tom\desktop\graphics\programs\program1\program1\main.cpp(323): warning C4244: '=': conversion from 'double' to 'float', possible loss of data
c:\users\tom\desktop\graphics\programs\program1\program1\main.cpp(324): warning C4244: '=': conversion from 'double' to 'float', possible loss of data
c:\users\tom\desktop\graphics\programs\program1\program1\main.cpp(344): warning C4244: '=': conversion from 'double' to 'float', possible loss of data
c:\users\tom\desktop\graphics\programs\program1\program1\main.cpp(345): warning C4244: '=': conversion from 'double' to 'float', possible loss of data
c:\users\tom\desktop\graphics\programs\program1\program1\main.cpp(350): warning C4244: '=': conversion from 'double' to 'float', possible loss of data
c:\users\tom\desktop\graphics\programs\program1\program1\main.cpp(351): warning C4244: '=': conversion from 'double' to 'float', possible loss of data
c:\users\tom\desktop\graphics\programs\program1\program1\main.cpp(417): warning C4305: 'argument': truncation from 'double' to 'float'
c:\users\tom\desktop\graphics\programs\program1\program1\main.cpp(418): warning C4305: 'argument': truncation from 'double' to 'float'
c:\users\tom\desktop\graphics\programs\program1\program1\main.cpp(428): warning C4305: 'argument': truncation from 'double' to 'float'
c:\users\tom\desktop\graphics\programs\program1\program1\main.cpp(429): warning C4305: 'argument': truncation from 'double' to 'float'
c:\users\tom\desktop\graphics\programs\program1\program1\main.cpp(438): warning C4305: 'argument': truncation from 'double' to 'float'
c:\users\tom\desktop\graphics\programs\program1\program1\main.cpp(439): warning C4305: 'argument': truncation from 'double' to 'float'
c:\users\tom\desktop\graphics\programs\program1\program1\main.cpp(448): warning C4305: 'argument': truncation from 'double' to 'float'
c:\users\tom\desktop\graphics\programs\program1\program1\main.cpp(449): warning C4305: 'argument': truncation from 'double' to 'float'
c:\users\tom\desktop\graphics\programs\program1\program1\main.cpp(460): warning C4305: 'argument': truncation from 'double' to 'float'
c:\users\tom\desktop\graphics\programs\program1\program1\main.cpp(461): warning C4305: 'argument': truncation from 'double' to 'float'
c:\users\tom\desktop\graphics\programs\program1\program1\main.cpp(471): warning C4305: 'argument': truncation from 'double' to 'float'
c:\users\tom\desktop\graphics\programs\program1\program1\main.cpp(472): warning C4305: 'argument': truncation from 'double' to 'float'
c:\users\tom\desktop\graphics\programs\program1\program1\main.cpp(483): warning C4305: 'argument': truncation from 'double' to 'float'
c:\users\tom\desktop\graphics\programs\program1\program1\main.cpp(484): warning C4305: 'argument': truncation from 'double' to 'float'
c:\users\tom\desktop\graphics\programs\program1\program1\main.cpp(494): warning C4305: 'argument': truncation from 'double' to 'float'
c:\users\tom\desktop\graphics\programs\program1\program1\main.cpp(495): warning C4305: 'argument': truncation from 'double' to 'float'
  Program1.vcxproj -> C:\Users\Tom\Desktop\Graphics\Programs\Program1\Debug\Program1.exe
