  main.cpp
c:\users\tom\desktop\graphics\programs\program2\program2\face.h(30): warning C4244: '=': conversion from 'int' to 'float', possible loss of data
c:\users\tom\desktop\graphics\programs\program2\program2\face.h(34): warning C4244: '=': conversion from 'int' to 'float', possible loss of data
c:\users\tom\desktop\graphics\programs\program2\program2\face.h(39): warning C4244: '=': conversion from 'int' to 'float', possible loss of data
c:\users\tom\desktop\graphics\programs\program2\program2\readfile.h(29): warning C4101: 'eat3': unreferenced local variable
c:\users\tom\desktop\graphics\programs\program2\program2\readfile.h(29): warning C4101: 'eat1': unreferenced local variable
c:\users\tom\desktop\graphics\programs\program2\program2\readfile.h(29): warning C4101: 'eat2': unreferenced local variable
c:\users\tom\desktop\graphics\programs\program2\program2\readfile.h(106): warning C4018: '<': signed/unsigned mismatch
c:\users\tom\desktop\graphics\programs\program2\program2\readfile.h(133): warning C4018: '<': signed/unsigned mismatch
c:\users\tom\desktop\graphics\programs\program2\program2\readfile.h(143): warning C4018: '<': signed/unsigned mismatch
c:\users\tom\desktop\graphics\programs\program2\program2\vector.h(40): warning C4244: 'argument': conversion from 'double' to 'float', possible loss of data
c:\users\tom\desktop\graphics\programs\program2\program2\vector.h(39): warning C4244: 'argument': conversion from 'double' to 'float', possible loss of data
c:\users\tom\desktop\graphics\programs\program2\program2\vector.h(38): warning C4244: 'argument': conversion from 'double' to 'float', possible loss of data
c:\users\tom\desktop\graphics\programs\program2\program2\matrix.h(16): warning C4305: 'initializing': truncation from 'double' to 'float'
c:\users\tom\desktop\graphics\programs\program2\program2\matrix.h(44): warning C4244: '=': conversion from 'double' to 'float', possible loss of data
c:\users\tom\desktop\graphics\programs\program2\program2\matrix.h(45): warning C4244: '=': conversion from 'double' to 'float', possible loss of data
c:\users\tom\desktop\graphics\programs\program2\program2\matrix.h(46): warning C4244: '=': conversion from 'double' to 'float', possible loss of data
c:\users\tom\desktop\graphics\programs\program2\program2\matrix.h(47): warning C4244: '=': conversion from 'double' to 'float', possible loss of data
c:\users\tom\desktop\graphics\programs\program2\program2\matrix.h(54): warning C4244: '=': conversion from 'double' to 'float', possible loss of data
c:\users\tom\desktop\graphics\programs\program2\program2\matrix.h(55): warning C4244: '=': conversion from 'double' to 'float', possible loss of data
c:\users\tom\desktop\graphics\programs\program2\program2\matrix.h(56): warning C4244: '=': conversion from 'double' to 'float', possible loss of data
c:\users\tom\desktop\graphics\programs\program2\program2\matrix.h(57): warning C4244: '=': conversion from 'double' to 'float', possible loss of data
c:\users\tom\desktop\graphics\programs\program2\program2\matrix.h(64): warning C4244: '=': conversion from 'double' to 'float', possible loss of data
c:\users\tom\desktop\graphics\programs\program2\program2\matrix.h(65): warning C4244: '=': conversion from 'double' to 'float', possible loss of data
c:\users\tom\desktop\graphics\programs\program2\program2\matrix.h(66): warning C4244: '=': conversion from 'double' to 'float', possible loss of data
c:\users\tom\desktop\graphics\programs\program2\program2\matrix.h(67): warning C4244: '=': conversion from 'double' to 'float', possible loss of data
c:\users\tom\desktop\graphics\programs\program2\program2\matrix.h(158): warning C4244: '=': conversion from 'double' to 'float', possible loss of data
c:\users\tom\desktop\graphics\programs\program2\program2\matrix.h(159): warning C4244: '=': conversion from 'double' to 'float', possible loss of data
c:\users\tom\desktop\graphics\programs\program2\program2\matrix.h(216): warning C4244: '=': conversion from 'double' to 'float', possible loss of data
c:\users\tom\desktop\graphics\programs\program2\program2\model.h(55): warning C4244: 'initializing': conversion from 'double' to 'float', possible loss of data
c:\users\tom\desktop\graphics\programs\program2\program2\main.cpp(27): warning C4305: 'initializing': truncation from 'double' to 'float'
c:\users\tom\desktop\graphics\programs\program2\program2\main.cpp(28): warning C4305: 'initializing': truncation from 'double' to 'float'
c:\users\tom\desktop\graphics\programs\program2\program2\main.cpp(55): warning C4244: 'initializing': conversion from 'double' to 'float', possible loss of data
c:\users\tom\desktop\graphics\programs\program2\program2\main.cpp(55): warning C4244: 'initializing': conversion from 'double' to 'const float', possible loss of data
c:\users\tom\desktop\graphics\programs\program2\program2\main.cpp(56): warning C4244: 'initializing': conversion from 'double' to 'float', possible loss of data
c:\users\tom\desktop\graphics\programs\program2\program2\main.cpp(56): warning C4244: 'initializing': conversion from 'double' to 'const float', possible loss of data
c:\users\tom\desktop\graphics\programs\program2\program2\main.cpp(64): warning C4244: '=': conversion from 'double' to 'float', possible loss of data
c:\users\tom\desktop\graphics\programs\program2\program2\main.cpp(65): warning C4244: '=': conversion from 'double' to 'float', possible loss of data
c:\users\tom\desktop\graphics\programs\program2\program2\main.cpp(70): warning C4244: '=': conversion from 'double' to 'float', possible loss of data
c:\users\tom\desktop\graphics\programs\program2\program2\main.cpp(71): warning C4244: '=': conversion from 'double' to 'float', possible loss of data
c:\users\tom\desktop\graphics\programs\program2\program2\main.cpp(122): warning C4018: '<': signed/unsigned mismatch
c:\users\tom\desktop\graphics\programs\program2\program2\main.cpp(219): warning C4305: 'argument': truncation from 'double' to 'float'
c:\users\tom\desktop\graphics\programs\program2\program2\main.cpp(227): warning C4305: 'argument': truncation from 'double' to 'float'
c:\users\tom\desktop\graphics\programs\program2\program2\main.cpp(232): warning C4305: 'argument': truncation from 'double' to 'float'
  Program2.vcxproj -> C:\Users\Tom\Desktop\Graphics\Programs\Program2\Debug\Program2.exe
